<?xml version="1.0" encoding="UTF-8"?>
<!-- Generated by org.testng.reporters.JUnitReportReporter -->
<testsuite hostname="LAPTOP104" failures="0" tests="1" name="testCases.productListingTestClass" time="6.220" errors="0" timestamp="2025-07-04T18:35:08 PKT" skipped="0">
  <testcase classname="testCases.productListingTestClass" name="verifyAddToCart" time="6.220"/>
</testsuite> <!-- testCases.productListingTestClass -->
