<?xml version="1.0" encoding="UTF-8"?>
<!-- Generated by org.testng.reporters.JUnitReportReporter -->
<testsuite hostname="LAPTOP104" failures="0" tests="6" name="testCases.checkoutTestClass" time="6.296" errors="0" timestamp="2025-07-09T19:12:39 PKT" skipped="4">
  <testcase classname="testCases.checkoutTestClass" name="verifyCheckoutInformationWithEmptyDetail" time="0.208"/>
  <testcase classname="testCases.checkoutTestClass" name="verifyCheckoutButton" time="6.088"/>
  <testcase classname="testCases.checkoutTestClass" name="verifyContinueShoppingButton">
    <skipped/>
  </testcase> <!-- verifyContinueShoppingButton -->
  <testcase classname="testCases.checkoutTestClass" name="verifyCartCount">
    <skipped/>
  </testcase> <!-- verifyCartCount -->
  <testcase classname="testCases.checkoutTestClass" name="verifyOrderCompletedOrNot">
    <skipped/>
  </testcase> <!-- verifyOrderCompletedOrNot -->
  <testcase classname="testCases.checkoutTestClass" name="verifyCheckoutInformation">
    <skipped/>
  </testcase> <!-- verifyCheckoutInformation -->
</testsuite> <!-- testCases.checkoutTestClass -->
