<?xml version="1.0" encoding="UTF-8"?>
<!-- Generated by org.testng.reporters.JUnitReportReporter -->
<testsuite hostname="NX00646" failures="0" tests="1" name="testCases.productListingTestClass" time="8.390" errors="0" timestamp="2025-01-30T22:02:34 PKT" skipped="0">
  <testcase classname="testCases.productListingTestClass" name="verifyAddToCart" time="8.390"/>
  <system-out/>
</testsuite> <!-- testCases.productListingTestClass -->
